<?xml version="1.0" encoding="UTF-8"?>
<!-- Generated by org.testng.reporters.JUnitReportReporter -->
<testsuite hostname="DESKTOP-K29RTIE" failures="0" tests="10" name="com.test.TestngInvocationCountTest" time="0.034" errors="0" timestamp="22 Mar 2021 05:28:38 GMT">
  <testcase classname="com.test.TestngInvocationCountTest" name="test" time="0.001"/>
  <testcase classname="com.test.TestngInvocationCountTest" name="test" time="0.001"/>
  <testcase classname="com.test.TestngInvocationCountTest" name="test" time="0.019"/>
  <testcase classname="com.test.TestngInvocationCountTest" name="test" time="0.002"/>
  <testcase classname="com.test.TestngInvocationCountTest" name="test" time="0.001"/>
  <testcase classname="com.test.TestngInvocationCountTest" name="test" time="0.002"/>
  <testcase classname="com.test.TestngInvocationCountTest" name="test" time="0.002"/>
  <testcase classname="com.test.TestngInvocationCountTest" name="test" time="0.002"/>
  <testcase classname="com.test.TestngInvocationCountTest" name="test" time="0.003"/>
  <testcase classname="com.test.TestngInvocationCountTest" name="test" time="0.001"/>
</testsuite> <!-- com.test.TestngInvocationCountTest -->
