<?xml version="1.0" encoding="UTF-8"?>
<!-- Generated by org.testng.reporters.JUnitReportReporter -->
<testsuite hostname="DESKTOP-K29RTIE" failures="0" tests="3" name="com.datadriven.test.HalfEbayTest" time="26.086" errors="0" timestamp="1 Apr 2021 17:50:28 GMT">
  <testcase classname="com.datadriven.test.HalfEbayTest" name="halfebayRegPageTest" time="7.175"/>
  <testcase classname="com.datadriven.test.HalfEbayTest" name="halfebayRegPageTest" time="7.766"/>
  <testcase classname="com.datadriven.test.HalfEbayTest" name="halfebayRegPageTest" time="11.145"/>
</testsuite> <!-- com.datadriven.test.HalfEbayTest -->
