<?xml version="1.0" encoding="UTF-8"?>
<!-- Generated by org.testng.reporters.JUnitReportReporter -->
<testsuite hostname="DESKTOP-K29RTIE" failures="0" tests="2" name="com.test.HalfEbayTest2" time="5.375" errors="0" timestamp="1 Jun 2021 18:23:18 GMT">
  <testcase classname="com.test.HalfEbayTest2" name="mailLinkTest" time="2.515"/>
  <testcase classname="com.test.HalfEbayTest2" name="logoLinkTest" time="2.860"/>
</testsuite> <!-- com.test.HalfEbayTest2 -->
