<?xml version="1.0" encoding="UTF-8"?>
<!-- Generated by org.testng.reporters.JUnitReportReporter -->
<testsuite hostname="DESKTOP-K29RTIE" failures="1" tests="1" name="com.test.TestngInvocationTimeOutTest" time="2.020" errors="0" timestamp="22 Mar 2021 05:34:20 GMT">
  <testcase classname="com.test.TestngInvocationTimeOutTest" name="Testing" time="2.020">
    <failure message="Method org.testng.internal.TestNGMethod.Testing() didn&#039;t finish within the time-out 2000" type="org.testng.internal.thread.ThreadTimeoutException">
      <![CDATA[org.testng.internal.thread.ThreadTimeoutException: Method org.testng.internal.TestNGMethod.Testing() didn't finish within the time-out 2000
	at java.base@15.0.1/java.io.FileOutputStream.writeBytes(Native Method)
	at java.base@15.0.1/java.io.FileOutputStream.write(FileOutputStream.java:347)
	at java.base@15.0.1/java.io.BufferedOutputStream.flushBuffer(BufferedOutputStream.java:81)
	at java.base@15.0.1/java.io.BufferedOutputStream.flush(BufferedOutputStream.java:142)
	at java.base@15.0.1/java.io.PrintStream.write(PrintStream.java:570)
	at java.base@15.0.1/sun.nio.cs.StreamEncoder.writeBytes(StreamEncoder.java:242)
	at java.base@15.0.1/sun.nio.cs.StreamEncoder.implFlushBuffer(StreamEncoder.java:321)
	at java.base@15.0.1/sun.nio.cs.StreamEncoder.flushBuffer(StreamEncoder.java:110)
	at java.base@15.0.1/java.io.OutputStreamWriter.flushBuffer(OutputStreamWriter.java:181)
	at java.base@15.0.1/java.io.PrintStream.writeln(PrintStream.java:723)
	at java.base@15.0.1/java.io.PrintStream.println(PrintStream.java:1028)
	at app//com.test.TestngInvocationTimeOutTest.Testing(TestngInvocationTimeOutTest.java:14)
	at java.base@15.0.1/jdk.internal.reflect.NativeMethodAccessorImpl.invoke0(Native Method)
	at java.base@15.0.1/jdk.internal.reflect.NativeMethodAccessorImpl.invoke(NativeMethodAccessorImpl.java:64)
	at java.base@15.0.1/jdk.internal.reflect.DelegatingMethodAccessorImpl.invoke(DelegatingMethodAccessorImpl.java:43)
	at java.base@15.0.1/java.lang.reflect.Method.invoke(Method.java:564)
	at app//org.testng.internal.MethodInvocationHelper.invokeMethod(MethodInvocationHelper.java:80)
	at app//org.testng.internal.InvokeMethodRunnable.runOne(InvokeMethodRunnable.java:46)
	at app//org.testng.internal.InvokeMethodRunnable.run(InvokeMethodRunnable.java:33)
	at java.base@15.0.1/java.util.concurrent.Executors$RunnableAdapter.call(Executors.java:515)
	at java.base@15.0.1/java.util.concurrent.FutureTask.run(FutureTask.java:264)
	at java.base@15.0.1/java.util.concurrent.ThreadPoolExecutor.runWorker(ThreadPoolExecutor.java:1130)
	at java.base@15.0.1/java.util.concurrent.ThreadPoolExecutor$Worker.run(ThreadPoolExecutor.java:630)
	at java.base@15.0.1/java.lang.Thread.run(Thread.java:832)
]]>
    </failure>
  </testcase> <!-- Testing -->
</testsuite> <!-- com.test.TestngInvocationTimeOutTest -->
