<?xml version="1.0" encoding="UTF-8"?>
<!-- Generated by org.testng.reporters.JUnitReportReporter -->
<testsuite hostname="DESKTOP-K29RTIE" failures="0" tests="5" name="com.test.TestngDependsOnMethod" time="34.798" errors="0" timestamp="22 Mar 2021 08:13:13 GMT">
  <testcase classname="com.test.TestngDependsOnMethod" name="mailLinkTest" time="5.981"/>
  <testcase classname="com.test.TestngDependsOnMethod" name="googleTitleTest" time="7.208"/>
  <testcase classname="com.test.TestngDependsOnMethod" name="Test2" time="8.949"/>
  <testcase classname="com.test.TestngDependsOnMethod" name="Test3" time="6.255"/>
  <testcase classname="com.test.TestngDependsOnMethod" name="Test1" time="6.405"/>
</testsuite> <!-- com.test.TestngDependsOnMethod -->
