<?xml version="1.0" encoding="UTF-8"?>
<!-- Generated by org.testng.reporters.JUnitReportReporter -->
<testsuite hostname="DESKTOP-K29RTIE" failures="0" tests="1" name="com.test.TestNgAnnotaionsConcept" time="0.007" errors="0" timestamp="18 May 2021 16:51:30 GMT">
  <testcase classname="com.test.TestNgAnnotaionsConcept" name="loginTest" time="0.007"/>
</testsuite> <!-- com.test.TestNgAnnotaionsConcept -->
