<?xml version="1.0" encoding="UTF-8"?>
<!-- Generated by org.testng.reporters.JUnitReportReporter -->
<testsuite hostname="DESKTOP-K29RTIE" failures="0" tests="5" name="com.test.GoogleLaunchTest" time="35.001" errors="0" timestamp="22 Mar 2021 08:13:13 GMT">
  <testcase classname="com.test.GoogleLaunchTest" name="Test1" time="5.705"/>
  <testcase classname="com.test.GoogleLaunchTest" name="googleTitleTest" time="7.542"/>
  <testcase classname="com.test.GoogleLaunchTest" name="Test2" time="6.629"/>
  <testcase classname="com.test.GoogleLaunchTest" name="mailLinkTest" time="6.556"/>
  <testcase classname="com.test.GoogleLaunchTest" name="Test3" time="8.569"/>
</testsuite> <!-- com.test.GoogleLaunchTest -->
