<?xml version="1.0" encoding="UTF-8"?>
<!-- Generated by org.testng.reporters.JUnitReportReporter -->
<testsuite hostname="DESKTOP-K29RTIE" failures="0" tests="1" name="com.test.HalfEbayTest" time="5.004" errors="0" timestamp="1 Jun 2021 18:23:18 GMT">
  <testcase classname="com.test.HalfEbayTest" name="loginTest" time="5.004"/>
</testsuite> <!-- com.test.HalfEbayTest -->
