<?xml version="1.0" encoding="UTF-8"?>
<!-- Generated by org.testng.reporters.JUnitReportReporter -->
<testsuite hostname="DESKTOP-K29RTIE" failures="0" tests="1" name="com.test.TestngAssertionTest" time="9.139" errors="0" timestamp="22 Mar 2021 08:13:13 GMT">
  <testcase classname="com.test.TestngAssertionTest" name="mail" time="9.139"/>
</testsuite> <!-- com.test.TestngAssertionTest -->
