<?xml version="1.0" encoding="UTF-8"?>
<!-- Generated by org.testng.reporters.JUnitReportReporter -->
<testsuite hostname="DESKTOP-K29RTIE" failures="0" tests="3" name="com.test.GoogleTest" time="0.011" errors="0" timestamp="21 Mar 2021 08:42:26 GMT">
  <testcase classname="com.test.GoogleTest" name="mul" time="0.008"/>
  <testcase classname="com.test.GoogleTest" name="sub" time="0.002"/>
  <testcase classname="com.test.GoogleTest" name="sum" time="0.001"/>
</testsuite> <!-- com.test.GoogleTest -->
